2020-06-03 00:49:24.211  INFO 35861 --- [Thread-62] o.s.s.c.ThreadPoolTaskScheduler          : Shutting down ExecutorService 'taskScheduler'
2020-06-03 00:49:24.273  INFO 35861 --- [Thread-62] o.s.s.concurrent.ThreadPoolTaskExecutor  : Shutting down ExecutorService 'applicationTaskExecutor'
2020-06-03 00:49:24.274  INFO 35861 --- [Thread-62] com.alibaba.druid.pool.DruidDataSource   : {dataSource-6} closing ...
2020-06-03 00:49:24.338  INFO 35861 --- [Thread-62] com.alibaba.druid.pool.DruidDataSource   : {dataSource-6} closed
2020-06-03 10:47:20.730  INFO 48403 --- [restartedMain] edu.gdpu.PunchApplication                : Starting PunchApplication on ubuntu with PID 48403 (/home/ilanky/IdeaProjects/punch/target/classes started by ilanky in /home/ilanky/IdeaProjects/punch)
2020-06-03 10:47:20.733  INFO 48403 --- [restartedMain] edu.gdpu.PunchApplication                : No active profile set, falling back to default profiles: default
2020-06-03 10:47:20.808  INFO 48403 --- [restartedMain] .e.DevToolsPropertyDefaultsPostProcessor : Devtools property defaults active! Set 'spring.devtools.add-properties' to 'false' to disable
2020-06-03 10:47:20.808  INFO 48403 --- [restartedMain] .e.DevToolsPropertyDefaultsPostProcessor : For additional web related logging consider setting the 'logging.level.web' property to 'DEBUG'
2020-06-03 10:47:22.749  INFO 48403 --- [restartedMain] o.s.b.w.embedded.tomcat.TomcatWebServer  : Tomcat initialized with port(s): 9090 (http)
2020-06-03 10:47:22.794  INFO 48403 --- [restartedMain] o.apache.catalina.core.StandardService   : Starting service [Tomcat]
2020-06-03 10:47:22.794  INFO 48403 --- [restartedMain] org.apache.catalina.core.StandardEngine  : Starting Servlet engine: [Apache Tomcat/9.0.34]
2020-06-03 10:47:22.904  INFO 48403 --- [restartedMain] o.a.c.c.C.[Tomcat].[localhost].[/]       : Initializing Spring embedded WebApplicationContext
2020-06-03 10:47:22.905  INFO 48403 --- [restartedMain] o.s.web.context.ContextLoader            : Root WebApplicationContext: initialization completed in 2097 ms
2020-06-03 10:47:23.427  INFO 48403 --- [restartedMain] o.s.s.concurrent.ThreadPoolTaskExecutor  : Initializing ExecutorService 'applicationTaskExecutor'
2020-06-03 10:47:23.610  INFO 48403 --- [restartedMain] o.s.b.a.w.s.WelcomePageHandlerMapping    : Adding welcome page template: index
2020-06-03 10:47:23.936  INFO 48403 --- [restartedMain] o.s.s.c.ThreadPoolTaskScheduler          : Initializing ExecutorService 'taskScheduler'
2020-06-03 10:47:24.080  INFO 48403 --- [restartedMain] o.s.b.d.a.OptionalLiveReloadServer       : LiveReload server is running on port 35729
2020-06-03 10:47:24.229  INFO 48403 --- [restartedMain] o.s.b.w.embedded.tomcat.TomcatWebServer  : Tomcat started on port(s): 9090 (http) with context path ''
2020-06-03 10:47:24.239  INFO 48403 --- [restartedMain] edu.gdpu.PunchApplication                : Started PunchApplication in 4.077 seconds (JVM running for 7.346)
2020-06-03 10:47:53.299  INFO 48403 --- [http-nio-9090-exec-1] o.a.c.c.C.[Tomcat].[localhost].[/]       : Initializing Spring DispatcherServlet 'dispatcherServlet'
2020-06-03 10:47:53.301  INFO 48403 --- [http-nio-9090-exec-1] o.s.web.servlet.DispatcherServlet        : Initializing Servlet 'dispatcherServlet'
2020-06-03 10:47:53.312  INFO 48403 --- [http-nio-9090-exec-1] o.s.web.servlet.DispatcherServlet        : Completed initialization in 11 ms
2020-06-03 10:47:54.926  INFO 48403 --- [http-nio-9090-exec-1] com.alibaba.druid.pool.DruidDataSource   : {dataSource-1} inited
2020-06-03 10:49:55.536  INFO 48403 --- [Thread-5] o.s.s.c.ThreadPoolTaskScheduler          : Shutting down ExecutorService 'taskScheduler'
2020-06-03 10:49:55.537  INFO 48403 --- [Thread-5] o.s.s.concurrent.ThreadPoolTaskExecutor  : Shutting down ExecutorService 'applicationTaskExecutor'
2020-06-03 10:49:55.538  INFO 48403 --- [Thread-5] com.alibaba.druid.pool.DruidDataSource   : {dataSource-1} closing ...
2020-06-03 10:49:55.549  INFO 48403 --- [Thread-5] com.alibaba.druid.pool.DruidDataSource   : {dataSource-1} closed
2020-06-03 10:49:55.724  INFO 48403 --- [restartedMain] edu.gdpu.PunchApplication                : Starting PunchApplication on ubuntu with PID 48403 (/home/ilanky/IdeaProjects/punch/target/classes started by ilanky in /home/ilanky/IdeaProjects/punch)
2020-06-03 10:49:55.725  INFO 48403 --- [restartedMain] edu.gdpu.PunchApplication                : No active profile set, falling back to default profiles: default
2020-06-03 10:49:56.083  INFO 48403 --- [restartedMain] o.s.b.w.embedded.tomcat.TomcatWebServer  : Tomcat initialized with port(s): 9090 (http)
2020-06-03 10:49:56.084  INFO 48403 --- [restartedMain] o.apache.catalina.core.StandardService   : Starting service [Tomcat]
2020-06-03 10:49:56.084  INFO 48403 --- [restartedMain] org.apache.catalina.core.StandardEngine  : Starting Servlet engine: [Apache Tomcat/9.0.34]
2020-06-03 10:49:56.091  INFO 48403 --- [restartedMain] o.a.c.c.C.[Tomcat].[localhost].[/]       : Initializing Spring embedded WebApplicationContext
2020-06-03 10:49:56.091  INFO 48403 --- [restartedMain] o.s.web.context.ContextLoader            : Root WebApplicationContext: initialization completed in 364 ms
2020-06-03 10:49:56.226  INFO 48403 --- [restartedMain] o.s.s.concurrent.ThreadPoolTaskExecutor  : Initializing ExecutorService 'applicationTaskExecutor'
2020-06-03 10:49:56.245  INFO 48403 --- [restartedMain] o.s.b.a.w.s.WelcomePageHandlerMapping    : Adding welcome page template: index
2020-06-03 10:49:56.294  INFO 48403 --- [restartedMain] o.s.s.c.ThreadPoolTaskScheduler          : Initializing ExecutorService 'taskScheduler'
2020-06-03 10:49:56.317  INFO 48403 --- [restartedMain] o.s.b.d.a.OptionalLiveReloadServer       : LiveReload server is running on port 35729
2020-06-03 10:49:56.458  INFO 48403 --- [restartedMain] o.s.b.w.embedded.tomcat.TomcatWebServer  : Tomcat started on port(s): 9090 (http) with context path ''
2020-06-03 10:49:56.459  INFO 48403 --- [restartedMain] edu.gdpu.PunchApplication                : Started PunchApplication in 0.765 seconds (JVM running for 159.565)
2020-06-03 10:49:56.461  INFO 48403 --- [restartedMain] .ConditionEvaluationDeltaLoggingListener : Condition evaluation unchanged
2020-06-03 10:49:59.537  INFO 48403 --- [Thread-9] o.s.s.c.ThreadPoolTaskScheduler          : Shutting down ExecutorService 'taskScheduler'
2020-06-03 10:49:59.539  INFO 48403 --- [Thread-9] o.s.s.concurrent.ThreadPoolTaskExecutor  : Shutting down ExecutorService 'applicationTaskExecutor'
2020-06-03 10:49:59.540  INFO 48403 --- [Thread-9] com.alibaba.druid.pool.DruidDataSource   : {dataSource-0} closing ...
2020-06-03 10:49:59.632  INFO 48403 --- [restartedMain] edu.gdpu.PunchApplication                : Starting PunchApplication on ubuntu with PID 48403 (/home/ilanky/IdeaProjects/punch/target/classes started by ilanky in /home/ilanky/IdeaProjects/punch)
2020-06-03 10:49:59.633  INFO 48403 --- [restartedMain] edu.gdpu.PunchApplication                : No active profile set, falling back to default profiles: default
2020-06-03 10:50:00.189  INFO 48403 --- [restartedMain] o.s.b.w.embedded.tomcat.TomcatWebServer  : Tomcat initialized with port(s): 9090 (http)
2020-06-03 10:50:00.190  INFO 48403 --- [restartedMain] o.apache.catalina.core.StandardService   : Starting service [Tomcat]
2020-06-03 10:50:00.191  INFO 48403 --- [restartedMain] org.apache.catalina.core.StandardEngine  : Starting Servlet engine: [Apache Tomcat/9.0.34]
2020-06-03 10:50:00.200  INFO 48403 --- [restartedMain] o.a.c.c.C.[Tomcat].[localhost].[/]       : Initializing Spring embedded WebApplicationContext
2020-06-03 10:50:00.200  INFO 48403 --- [restartedMain] o.s.web.context.ContextLoader            : Root WebApplicationContext: initialization completed in 566 ms
2020-06-03 10:50:00.361  INFO 48403 --- [restartedMain] o.s.s.concurrent.ThreadPoolTaskExecutor  : Initializing ExecutorService 'applicationTaskExecutor'
2020-06-03 10:50:00.383  INFO 48403 --- [restartedMain] o.s.b.a.w.s.WelcomePageHandlerMapping    : Adding welcome page template: index
2020-06-03 10:50:00.461  INFO 48403 --- [restartedMain] o.s.s.c.ThreadPoolTaskScheduler          : Initializing ExecutorService 'taskScheduler'
2020-06-03 10:50:00.494  INFO 48403 --- [restartedMain] o.s.b.d.a.OptionalLiveReloadServer       : LiveReload server is running on port 35729
2020-06-03 10:50:00.533  INFO 48403 --- [restartedMain] o.s.b.w.embedded.tomcat.TomcatWebServer  : Tomcat started on port(s): 9090 (http) with context path ''
2020-06-03 10:50:00.534  INFO 48403 --- [restartedMain] edu.gdpu.PunchApplication                : Started PunchApplication in 0.922 seconds (JVM running for 163.641)
2020-06-03 10:50:00.536  INFO 48403 --- [restartedMain] .ConditionEvaluationDeltaLoggingListener : Condition evaluation unchanged
2020-06-03 10:50:02.376  INFO 48403 --- [http-nio-9090-exec-2] o.a.c.c.C.[Tomcat].[localhost].[/]       : Initializing Spring DispatcherServlet 'dispatcherServlet'
2020-06-03 10:50:02.378  INFO 48403 --- [http-nio-9090-exec-2] o.s.web.servlet.DispatcherServlet        : Initializing Servlet 'dispatcherServlet'
2020-06-03 10:50:02.387  INFO 48403 --- [http-nio-9090-exec-2] o.s.web.servlet.DispatcherServlet        : Completed initialization in 8 ms
2020-06-03 10:50:09.765  INFO 48403 --- [http-nio-9090-exec-3] com.alibaba.druid.pool.DruidDataSource   : {dataSource-2} inited
2020-06-03 11:03:12.631  INFO 48403 --- [http-nio-9090-exec-9] edu.gdpu.service.impl.UserServiceImpl    : test2注册了...
2020-06-03 11:04:27.097  INFO 48403 --- [Thread-20] o.s.s.c.ThreadPoolTaskScheduler          : Shutting down ExecutorService 'taskScheduler'
2020-06-03 11:04:27.098  INFO 48403 --- [Thread-20] o.s.s.concurrent.ThreadPoolTaskExecutor  : Shutting down ExecutorService 'applicationTaskExecutor'
2020-06-03 11:04:27.099  INFO 48403 --- [Thread-20] com.alibaba.druid.pool.DruidDataSource   : {dataSource-2} closing ...
2020-06-03 11:04:27.112  INFO 48403 --- [Thread-20] com.alibaba.druid.pool.DruidDataSource   : {dataSource-2} closed
2020-06-03 11:17:28.477  INFO 49608 --- [restartedMain] edu.gdpu.PunchApplication                : Starting PunchApplication on ubuntu with PID 49608 (/home/ilanky/IdeaProjects/punch/target/classes started by ilanky in /home/ilanky/IdeaProjects/punch)
2020-06-03 11:17:28.480  INFO 49608 --- [restartedMain] edu.gdpu.PunchApplication                : No active profile set, falling back to default profiles: default
2020-06-03 11:17:28.527  INFO 49608 --- [restartedMain] .e.DevToolsPropertyDefaultsPostProcessor : Devtools property defaults active! Set 'spring.devtools.add-properties' to 'false' to disable
2020-06-03 11:17:28.528  INFO 49608 --- [restartedMain] .e.DevToolsPropertyDefaultsPostProcessor : For additional web related logging consider setting the 'logging.level.web' property to 'DEBUG'
2020-06-03 11:17:30.520  INFO 49608 --- [restartedMain] o.s.b.w.embedded.tomcat.TomcatWebServer  : Tomcat initialized with port(s): 9090 (http)
2020-06-03 11:17:30.643  INFO 49608 --- [restartedMain] o.apache.catalina.core.StandardService   : Starting service [Tomcat]
2020-06-03 11:17:30.644  INFO 49608 --- [restartedMain] org.apache.catalina.core.StandardEngine  : Starting Servlet engine: [Apache Tomcat/9.0.34]
2020-06-03 11:17:30.892  INFO 49608 --- [restartedMain] o.a.c.c.C.[Tomcat].[localhost].[/]       : Initializing Spring embedded WebApplicationContext
2020-06-03 11:17:30.892  INFO 49608 --- [restartedMain] o.s.web.context.ContextLoader            : Root WebApplicationContext: initialization completed in 2364 ms
2020-06-03 11:17:31.364  INFO 49608 --- [restartedMain] o.s.s.concurrent.ThreadPoolTaskExecutor  : Initializing ExecutorService 'applicationTaskExecutor'
2020-06-03 11:17:31.420  INFO 49608 --- [restartedMain] o.s.b.a.w.s.WelcomePageHandlerMapping    : Adding welcome page template: index
2020-06-03 11:17:31.542  INFO 49608 --- [restartedMain] o.s.s.c.ThreadPoolTaskScheduler          : Initializing ExecutorService 'taskScheduler'
2020-06-03 11:17:31.607  INFO 49608 --- [restartedMain] o.s.b.d.a.OptionalLiveReloadServer       : LiveReload server is running on port 35729
2020-06-03 11:17:32.423  INFO 49608 --- [restartedMain] o.s.b.w.embedded.tomcat.TomcatWebServer  : Tomcat started on port(s): 9090 (http) with context path ''
2020-06-03 11:17:32.428  INFO 49608 --- [restartedMain] edu.gdpu.PunchApplication                : Started PunchApplication in 4.282 seconds (JVM running for 4.952)
2020-06-03 11:17:47.515  INFO 49608 --- [http-nio-9090-exec-1] o.a.c.c.C.[Tomcat].[localhost].[/]       : Initializing Spring DispatcherServlet 'dispatcherServlet'
2020-06-03 11:17:47.518  INFO 49608 --- [http-nio-9090-exec-1] o.s.web.servlet.DispatcherServlet        : Initializing Servlet 'dispatcherServlet'
2020-06-03 11:17:47.533  INFO 49608 --- [http-nio-9090-exec-1] o.s.web.servlet.DispatcherServlet        : Completed initialization in 15 ms
2020-06-03 11:17:49.095  INFO 49608 --- [http-nio-9090-exec-1] com.alibaba.druid.pool.DruidDataSource   : {dataSource-1} inited
2020-06-03 11:18:18.052  INFO 49608 --- [Thread-8] o.s.s.c.ThreadPoolTaskScheduler          : Shutting down ExecutorService 'taskScheduler'
2020-06-03 11:18:18.056  INFO 49608 --- [Thread-8] o.s.s.concurrent.ThreadPoolTaskExecutor  : Shutting down ExecutorService 'applicationTaskExecutor'
2020-06-03 11:18:18.057  INFO 49608 --- [Thread-8] com.alibaba.druid.pool.DruidDataSource   : {dataSource-1} closing ...
2020-06-03 11:18:18.211  INFO 49608 --- [Thread-8] com.alibaba.druid.pool.DruidDataSource   : {dataSource-1} closed
2020-06-03 11:18:46.710  INFO 49775 --- [restartedMain] edu.gdpu.PunchApplication                : Starting PunchApplication on ubuntu with PID 49775 (/home/ilanky/IdeaProjects/punch/target/classes started by ilanky in /home/ilanky/IdeaProjects/punch)
2020-06-03 11:18:46.713  INFO 49775 --- [restartedMain] edu.gdpu.PunchApplication                : No active profile set, falling back to default profiles: default
2020-06-03 11:18:46.752  INFO 49775 --- [restartedMain] .e.DevToolsPropertyDefaultsPostProcessor : Devtools property defaults active! Set 'spring.devtools.add-properties' to 'false' to disable
2020-06-03 11:18:46.752  INFO 49775 --- [restartedMain] .e.DevToolsPropertyDefaultsPostProcessor : For additional web related logging consider setting the 'logging.level.web' property to 'DEBUG'
2020-06-03 11:18:47.978  INFO 49775 --- [restartedMain] o.s.b.w.embedded.tomcat.TomcatWebServer  : Tomcat initialized with port(s): 9090 (http)
2020-06-03 11:18:48.000  INFO 49775 --- [restartedMain] o.apache.catalina.core.StandardService   : Starting service [Tomcat]
2020-06-03 11:18:48.000  INFO 49775 --- [restartedMain] org.apache.catalina.core.StandardEngine  : Starting Servlet engine: [Apache Tomcat/9.0.34]
2020-06-03 11:18:48.076  INFO 49775 --- [restartedMain] o.a.c.c.C.[Tomcat].[localhost].[/]       : Initializing Spring embedded WebApplicationContext
2020-06-03 11:18:48.077  INFO 49775 --- [restartedMain] o.s.web.context.ContextLoader            : Root WebApplicationContext: initialization completed in 1324 ms
2020-06-03 11:18:48.492  INFO 49775 --- [restartedMain] o.s.s.concurrent.ThreadPoolTaskExecutor  : Initializing ExecutorService 'applicationTaskExecutor'
2020-06-03 11:18:48.544  INFO 49775 --- [restartedMain] o.s.b.a.w.s.WelcomePageHandlerMapping    : Adding welcome page template: index
2020-06-03 11:18:48.678  INFO 49775 --- [restartedMain] o.s.s.c.ThreadPoolTaskScheduler          : Initializing ExecutorService 'taskScheduler'
2020-06-03 11:18:48.755  INFO 49775 --- [restartedMain] o.s.b.d.a.OptionalLiveReloadServer       : LiveReload server is running on port 35729
2020-06-03 11:18:48.810  INFO 49775 --- [restartedMain] o.s.b.w.embedded.tomcat.TomcatWebServer  : Tomcat started on port(s): 9090 (http) with context path ''
2020-06-03 11:18:48.814  INFO 49775 --- [restartedMain] edu.gdpu.PunchApplication                : Started PunchApplication in 2.475 seconds (JVM running for 3.078)
2020-06-03 11:20:00.971  INFO 49775 --- [scheduling-1] com.alibaba.druid.pool.DruidDataSource   : {dataSource-1} inited
2020-06-03 11:20:01.063  INFO 49775 --- [scheduling-1] edu.gdpu.component.TimerTask             : 账号为1800502146
2020-06-03 11:20:22.242  INFO 49775 --- [scheduling-1] edu.gdpu.component.TimerTask             : 执行完毕...
2020-06-03 11:20:36.144  INFO 49775 --- [scheduling-1] edu.gdpu.component.TimerTask             : 账号为1800502345
2020-06-03 11:20:37.601  WARN 49775 --- [scheduling-1] edu.gdpu.component.TimerTask             : edu.gdpu.exception.LoginException: 登陆时出现异常
	at edu.gdpu.domain.AutoPunch.login(AutoPunch.java:110)
	at edu.gdpu.domain.AutoPunch.autoPunch(AutoPunch.java:223)
	at edu.gdpu.domain.AutoPunch.start(AutoPunch.java:230)
	at edu.gdpu.component.TimerTask.autoPunch(TimerTask.java:61)
	at java.base/jdk.internal.reflect.NativeMethodAccessorImpl.invoke0(Native Method)
	at java.base/jdk.internal.reflect.NativeMethodAccessorImpl.invoke(NativeMethodAccessorImpl.java:62)
	at java.base/jdk.internal.reflect.DelegatingMethodAccessorImpl.invoke(DelegatingMethodAccessorImpl.java:43)
	at java.base/java.lang.reflect.Method.invoke(Method.java:566)
	at org.springframework.scheduling.support.ScheduledMethodRunnable.run(ScheduledMethodRunnable.java:84)
	at org.springframework.scheduling.support.DelegatingErrorHandlingRunnable.run(DelegatingErrorHandlingRunnable.java:54)
	at org.springframework.scheduling.concurrent.ReschedulingRunnable.run(ReschedulingRunnable.java:93)
	at java.base/java.util.concurrent.Executors$RunnableAdapter.call(Executors.java:515)
	at java.base/java.util.concurrent.FutureTask.run(FutureTask.java:264)
	at java.base/java.util.concurrent.ScheduledThreadPoolExecutor$ScheduledFutureTask.run(ScheduledThreadPoolExecutor.java:304)
	at java.base/java.util.concurrent.ThreadPoolExecutor.runWorker(ThreadPoolExecutor.java:1128)
	at java.base/java.util.concurrent.ThreadPoolExecutor$Worker.run(ThreadPoolExecutor.java:628)
	at java.base/java.lang.Thread.run(Thread.java:834)

2020-06-03 11:20:47.602  INFO 49775 --- [scheduling-1] edu.gdpu.component.TimerTask             : 第二次打卡开始...
2020-06-03 11:20:47.602  INFO 49775 --- [scheduling-1] edu.gdpu.component.TimerTask             : 候选人为
2020-06-03 11:20:47.603  INFO 49775 --- [scheduling-1] edu.gdpu.component.TimerTask             : 1800502345
2020-06-03 11:20:47.603  INFO 49775 --- [scheduling-1] edu.gdpu.component.TimerTask             : 账号为1800502345
2020-06-03 11:20:47.757  WARN 49775 --- [scheduling-1] edu.gdpu.component.TimerTask             : edu.gdpu.exception.LoginException: 登陆时出现异常
	at edu.gdpu.domain.AutoPunch.login(AutoPunch.java:110)
	at edu.gdpu.domain.AutoPunch.autoPunch(AutoPunch.java:223)
	at edu.gdpu.domain.AutoPunch.start(AutoPunch.java:230)
	at edu.gdpu.component.TimerTask.secondPunch(TimerTask.java:98)
	at edu.gdpu.component.TimerTask.autoPunch(TimerTask.java:85)
	at java.base/jdk.internal.reflect.NativeMethodAccessorImpl.invoke0(Native Method)
	at java.base/jdk.internal.reflect.NativeMethodAccessorImpl.invoke(NativeMethodAccessorImpl.java:62)
	at java.base/jdk.internal.reflect.DelegatingMethodAccessorImpl.invoke(DelegatingMethodAccessorImpl.java:43)
	at java.base/java.lang.reflect.Method.invoke(Method.java:566)
	at org.springframework.scheduling.support.ScheduledMethodRunnable.run(ScheduledMethodRunnable.java:84)
	at org.springframework.scheduling.support.DelegatingErrorHandlingRunnable.run(DelegatingErrorHandlingRunnable.java:54)
	at org.springframework.scheduling.concurrent.ReschedulingRunnable.run(ReschedulingRunnable.java:93)
	at java.base/java.util.concurrent.Executors$RunnableAdapter.call(Executors.java:515)
	at java.base/java.util.concurrent.FutureTask.run(FutureTask.java:264)
	at java.base/java.util.concurrent.ScheduledThreadPoolExecutor$ScheduledFutureTask.run(ScheduledThreadPoolExecutor.java:304)
	at java.base/java.util.concurrent.ThreadPoolExecutor.runWorker(ThreadPoolExecutor.java:1128)
	at java.base/java.util.concurrent.ThreadPoolExecutor$Worker.run(ThreadPoolExecutor.java:628)
	at java.base/java.lang.Thread.run(Thread.java:834)

2020-06-03 11:20:59.014  INFO 49775 --- [scheduling-1] edu.gdpu.component.TimerTask             : 候选人名单已清除
2020-06-03 11:20:59.039  INFO 49775 --- [scheduling-1] edu.gdpu.component.TimerTask             : 今日自动打卡2人,成功了1，失败了2
2020-06-03 11:21:14.342  INFO 49775 --- [Thread-8] o.s.s.c.ThreadPoolTaskScheduler          : Shutting down ExecutorService 'taskScheduler'
2020-06-03 11:21:14.344  INFO 49775 --- [Thread-8] o.s.s.concurrent.ThreadPoolTaskExecutor  : Shutting down ExecutorService 'applicationTaskExecutor'
2020-06-03 11:21:14.345  INFO 49775 --- [Thread-8] com.alibaba.druid.pool.DruidDataSource   : {dataSource-1} closing ...
2020-06-03 11:21:14.360  INFO 49775 --- [Thread-8] com.alibaba.druid.pool.DruidDataSource   : {dataSource-1} closed
2020-06-03 11:28:59.432  INFO 50244 --- [main] edu.gdpu.punch.PunchApplicationTests     : Starting PunchApplicationTests on ubuntu with PID 50244 (started by ilanky in /home/ilanky/IdeaProjects/punch)
2020-06-03 11:28:59.433  INFO 50244 --- [main] edu.gdpu.punch.PunchApplicationTests     : No active profile set, falling back to default profiles: default
2020-06-03 11:29:06.279  INFO 50244 --- [main] o.s.s.concurrent.ThreadPoolTaskExecutor  : Initializing ExecutorService 'applicationTaskExecutor'
2020-06-03 11:29:06.366  INFO 50244 --- [main] o.s.b.a.w.s.WelcomePageHandlerMapping    : Adding welcome page template: index
2020-06-03 11:29:06.979  INFO 50244 --- [main] o.s.s.c.ThreadPoolTaskScheduler          : Initializing ExecutorService 'taskScheduler'
2020-06-03 11:29:07.063  INFO 50244 --- [main] edu.gdpu.punch.PunchApplicationTests     : Started PunchApplicationTests in 8.219 seconds (JVM running for 10.158)
2020-06-03 11:29:09.931  INFO 50244 --- [main] com.alibaba.druid.pool.DruidDataSource   : {dataSource-1} inited
2020-06-03 11:29:10.874  INFO 50244 --- [Thread-2] o.s.s.c.ThreadPoolTaskScheduler          : Shutting down ExecutorService 'taskScheduler'
2020-06-03 11:29:10.876  INFO 50244 --- [Thread-2] o.s.s.concurrent.ThreadPoolTaskExecutor  : Shutting down ExecutorService 'applicationTaskExecutor'
2020-06-03 11:29:10.877  INFO 50244 --- [Thread-2] com.alibaba.druid.pool.DruidDataSource   : {dataSource-1} closing ...
2020-06-03 11:29:10.892  INFO 50244 --- [Thread-2] com.alibaba.druid.pool.DruidDataSource   : {dataSource-1} closed
2020-06-03 11:39:41.670  INFO 52264 --- [main] edu.gdpu.punch.PunchApplicationTests     : Starting PunchApplicationTests on ubuntu with PID 52264 (started by ilanky in /home/ilanky/IdeaProjects/punch)
2020-06-03 11:39:41.671  INFO 52264 --- [main] edu.gdpu.punch.PunchApplicationTests     : No active profile set, falling back to default profiles: default
2020-06-03 11:39:53.861  INFO 52264 --- [main] o.s.s.concurrent.ThreadPoolTaskExecutor  : Initializing ExecutorService 'applicationTaskExecutor'
2020-06-03 11:39:54.298  INFO 52264 --- [main] o.s.b.a.w.s.WelcomePageHandlerMapping    : Adding welcome page template: index
2020-06-03 11:40:10.004  INFO 52264 --- [main] o.s.s.c.ThreadPoolTaskScheduler          : Initializing ExecutorService 'taskScheduler'
2020-06-03 11:40:11.067  INFO 52264 --- [main] edu.gdpu.punch.PunchApplicationTests     : Started PunchApplicationTests in 30.279 seconds (JVM running for 31.032)
2020-06-03 11:40:16.213  INFO 52264 --- [main] com.alibaba.druid.pool.DruidDataSource   : {dataSource-1} inited
2020-06-03 11:40:20.337  INFO 52264 --- [Thread-2] o.s.s.c.ThreadPoolTaskScheduler          : Shutting down ExecutorService 'taskScheduler'
2020-06-03 11:40:20.341  INFO 52264 --- [Thread-2] o.s.s.concurrent.ThreadPoolTaskExecutor  : Shutting down ExecutorService 'applicationTaskExecutor'
2020-06-03 11:40:20.342  INFO 52264 --- [Thread-2] com.alibaba.druid.pool.DruidDataSource   : {dataSource-1} closing ...
2020-06-03 11:40:20.367  INFO 52264 --- [Thread-2] com.alibaba.druid.pool.DruidDataSource   : {dataSource-1} closed
